<?xml version="1.0" encoding="UTF-8"?>
<robot generator="Robot 3.1.2 (Python 3.8.1 on win32)" generated="20200109 16:55:35.254" rpa="false">
<suite id="s1" name="PortalDiligênciasBDD" source="C:\Automação de Testes\PortalDiligências\specs\PortalDiligênciasBDD.robot">
<kw name="Entrar no portal" library="PortalDiligênciasResource" type="setup">
<kw name="Open Browser" library="Selenium2Library">
<doc>Opens a new browser instance to the optional ``url``.</doc>
<arguments>
<arg>${URL}</arg>
<arg>${BROWSER}</arg>
</arguments>
<msg timestamp="20200109 16:55:36.041" level="INFO">Opening browser 'chrome' to base url 'http://portaldiligencias-homologacao.finchsolucoes.com.br'.</msg>
<status status="PASS" starttime="20200109 16:55:36.040" endtime="20200109 16:55:42.046"></status>
</kw>
<kw name="Maximize Browser Window" library="Selenium2Library">
<doc>Maximizes current browser window.</doc>
<status status="PASS" starttime="20200109 16:55:42.046" endtime="20200109 16:55:46.184"></status>
</kw>
<kw name="Input Text" library="Selenium2Library">
<doc>Types the given ``text`` into the text field identified by ``locator``.</doc>
<arguments>
<arg>${LOC_LOGIN}</arg>
<arg>${LOGIN}</arg>
</arguments>
<msg timestamp="20200109 16:55:46.184" level="INFO">Typing text 'brunofurquim' into text field 'id=strUsuario'.</msg>
<status status="PASS" starttime="20200109 16:55:46.184" endtime="20200109 16:55:46.350"></status>
</kw>
<kw name="Input Password" library="Selenium2Library">
<doc>Types the given password into the text field identified by ``locator``.</doc>
<arguments>
<arg>${LOC_SENHA}</arg>
<arg>${SENHA}</arg>
</arguments>
<msg timestamp="20200109 16:55:46.351" level="INFO">Typing password into text field 'id=strSenha'.</msg>
<status status="PASS" starttime="20200109 16:55:46.350" endtime="20200109 16:55:46.471"></status>
</kw>
<kw name="Click Button" library="Selenium2Library">
<doc>Clicks the button identified by ``locator``.</doc>
<arguments>
<arg>${BTN_ENTRAR}</arg>
</arguments>
<msg timestamp="20200109 16:55:46.472" level="INFO">Clicking button 'xpath://button[@id='btnEntrar']'.</msg>
<status status="PASS" starttime="20200109 16:55:46.472" endtime="20200109 16:55:46.563"></status>
</kw>
<status status="PASS" starttime="20200109 16:55:36.040" endtime="20200109 16:55:46.564"></status>
</kw>
<test id="s1-t1" name="Caso de teste 01: Criar Nova Solicitação">
<kw name="Dado que será necessário criar uma &quot;Nova solicitação&quot;" library="PortalDiligênciasResource">
<kw name="Aguardar loading" library="PortalDiligênciasResource">
<kw name="Wait Until Element Is Visible" library="Selenium2Library">
<doc>Waits until the element ``locator`` is visible.</doc>
<arguments>
<arg>${LOADING}</arg>
<arg>60s</arg>
</arguments>
<status status="PASS" starttime="20200109 16:55:46.567" endtime="20200109 16:55:47.899"></status>
</kw>
<kw name="Wait Until Element Is Not Visible" library="Selenium2Library">
<doc>Waits until the element ``locator`` is not visible.</doc>
<arguments>
<arg>${LOADING}</arg>
<arg>60s</arg>
</arguments>
<status status="PASS" starttime="20200109 16:55:47.899" endtime="20200109 16:55:49.304"></status>
</kw>
<status status="PASS" starttime="20200109 16:55:46.566" endtime="20200109 16:55:49.304"></status>
</kw>
<kw name="Click Element" library="Selenium2Library">
<doc>Click the element identified by ``locator``.</doc>
<arguments>
<arg>${BTN_NOVASOLICITACAO}</arg>
</arguments>
<msg timestamp="20200109 16:55:49.305" level="INFO">Clicking element 'xpath://button[@id='btnSolicitacao']'.</msg>
<status status="PASS" starttime="20200109 16:55:49.305" endtime="20200109 16:55:49.368"></status>
</kw>
<status status="PASS" starttime="20200109 16:55:46.566" endtime="20200109 16:55:49.368"></status>
</kw>
<kw name="Quando clicar em &quot;Nova solicitação&quot; e preencher os campos obrigatórios" library="PortalDiligênciasResource">
<kw name="Cnpj" library="FakerLibrary">
<assign>
<var>${PROCESSO}</var>
</assign>
<msg timestamp="20200109 16:55:49.370" level="INFO">${PROCESSO} = 56.482.390/0001-38</msg>
<status status="PASS" starttime="20200109 16:55:49.369" endtime="20200109 16:55:49.370"></status>
</kw>
<kw name="Random Number" library="FakerLibrary">
<doc>Returns a random number with 1 digit (default, when digits==None),
a random number with 0 to given number of digits, or a random number
with given number to given number of digits (when ``fix_len==True``).</doc>
<arguments>
<arg>6</arg>
</arguments>
<assign>
<var>${CCONTROLECLIENTE}</var>
</assign>
<msg timestamp="20200109 16:55:49.371" level="INFO">${CCONTROLECLIENTE} = 516686</msg>
<status status="PASS" starttime="20200109 16:55:49.370" endtime="20200109 16:55:49.371"></status>
</kw>
<kw name="City" library="FakerLibrary">
<doc>:example 'Sashabury'</doc>
<assign>
<var>${VARALOCAL}</var>
</assign>
<msg timestamp="20200109 16:55:49.372" level="INFO">${VARALOCAL} = Cunha do Oeste</msg>
<status status="PASS" starttime="20200109 16:55:49.371" endtime="20200109 16:55:49.372"></status>
</kw>
<kw name="Name" library="FakerLibrary">
<doc>:example 'John Doe'</doc>
<assign>
<var>${PARTEINTERESSADA}</var>
</assign>
<msg timestamp="20200109 16:55:49.373" level="INFO">${PARTEINTERESSADA} = Emanuel Gonçalves</msg>
<status status="PASS" starttime="20200109 16:55:49.372" endtime="20200109 16:55:49.373"></status>
</kw>
<kw name="Name" library="FakerLibrary">
<doc>:example 'John Doe'</doc>
<assign>
<var>${PARTECONTRARIA}</var>
</assign>
<msg timestamp="20200109 16:55:49.374" level="INFO">${PARTECONTRARIA} = Sabrina Lima</msg>
<status status="PASS" starttime="20200109 16:55:49.374" endtime="20200109 16:55:49.374"></status>
</kw>
<kw name="Text" library="FakerLibrary">
<doc>Generate a text string.
Depending on the ``max_nb_chars, returns a string made of words, sentences, or paragraphs.
:example 'Sapiente sunt omnis. Ut pariatur ad autem ducimus et. Voluptas rem voluptas sint modi dolorem amet.'</doc>
<arguments>
<arg>500</arg>
</arguments>
<assign>
<var>${OBSERVACAO}</var>
</assign>
<msg timestamp="20200109 16:55:49.376" level="INFO">${OBSERVACAO} = Delectus ullam sapiente necessitatibus laudantium earum. Delectus aliquid ducimus. Accusantium temporibus esse sapiente maiores repellat.
Eaque tempora eum minima unde error assumenda. Sequi dolor dol...</msg>
<status status="PASS" starttime="20200109 16:55:49.375" endtime="20200109 16:55:49.377"></status>
</kw>
<kw name="Name" library="FakerLibrary">
<doc>:example 'John Doe'</doc>
<assign>
<var>${PREPOSTO}</var>
</assign>
<msg timestamp="20200109 16:55:49.378" level="INFO">${PREPOSTO} = Dra. Maria Sophia Ramos</msg>
<status status="PASS" starttime="20200109 16:55:49.377" endtime="20200109 16:55:49.378"></status>
</kw>
<kw name="Wait Until Element Is Visible" library="Selenium2Library">
<doc>Waits until the element ``locator`` is visible.</doc>
<arguments>
<arg>${MODAL_NOVASOLICITACAO}</arg>
<arg>10s</arg>
</arguments>
<status status="PASS" starttime="20200109 16:55:49.378" endtime="20200109 16:55:49.645"></status>
</kw>
<kw name="Input Text" library="Selenium2Library">
<doc>Types the given ``text`` into the text field identified by ``locator``.</doc>
<arguments>
<arg>${NUMERO_PROCESSO}</arg>
<arg>${PROCESSO}</arg>
</arguments>
<msg timestamp="20200109 16:55:49.645" level="INFO">Typing text '56.482.390/0001-38' into text field 'xpath://input[@id='cadNumeroProcesso']'.</msg>
<status status="PASS" starttime="20200109 16:55:49.645" endtime="20200109 16:55:49.832"></status>
</kw>
<kw name="Input Text" library="Selenium2Library">
<doc>Types the given ``text`` into the text field identified by ``locator``.</doc>
<arguments>
<arg>${NUMERO_CONTROLECLI}</arg>
<arg>${CCONTROLECLIENTE}</arg>
</arguments>
<msg timestamp="20200109 16:55:49.832" level="INFO">Typing text '516686' into text field 'xpath://input[@id='cadControleCliente']'.</msg>
<status status="PASS" starttime="20200109 16:55:49.832" endtime="20200109 16:55:49.936"></status>
</kw>
<kw name="Click Element" library="Selenium2Library">
<doc>Click the element identified by ``locator``.</doc>
<arguments>
<arg>${UF_SOLICITACAO}</arg>
</arguments>
<msg timestamp="20200109 16:55:49.936" level="INFO">Clicking element 'xpath://select[@id='cadUF']//option[contains(text(),'SP')]'.</msg>
<status status="PASS" starttime="20200109 16:55:49.936" endtime="20200109 16:55:49.985"></status>
</kw>
<kw name="Wait Until Element Is Visible" library="Selenium2Library">
<doc>Waits until the element ``locator`` is visible.</doc>
<arguments>
<arg>${AUTOCOMPLETE_CIDADE_SOLICITACAO}</arg>
</arguments>
<status status="PASS" starttime="20200109 16:55:49.986" endtime="20200109 16:55:51.677"></status>
</kw>
<kw name="Click Element" library="Selenium2Library">
<doc>Click the element identified by ``locator``.</doc>
<arguments>
<arg>${AUTOCOMPLETE_CIDADE}</arg>
</arguments>
<msg timestamp="20200109 16:55:51.678" level="INFO">Clicking element 'xpath://div[@id='autocompleteCidade_chosen']'.</msg>
<status status="PASS" starttime="20200109 16:55:51.678" endtime="20200109 16:55:51.807"></status>
</kw>
<kw name="Click Element" library="Selenium2Library">
<doc>Click the element identified by ``locator``.</doc>
<arguments>
<arg>${CIDADE_SOLICITACAO}</arg>
</arguments>
<msg timestamp="20200109 16:55:51.808" level="INFO">Clicking element 'xpath://li[contains(text(),'BAURU')]'.</msg>
<status status="PASS" starttime="20200109 16:55:51.808" endtime="20200109 16:55:51.951"></status>
</kw>
<kw name="Input Text" library="Selenium2Library">
<doc>Types the given ``text`` into the text field identified by ``locator``.</doc>
<arguments>
<arg>${VARA_SOLICITACAO}</arg>
<arg>${VARALOCAL}</arg>
</arguments>
<msg timestamp="20200109 16:55:51.952" level="INFO">Typing text 'Cunha do Oeste' into text field 'xpath://input[@id='cadVara']'.</msg>
<status status="PASS" starttime="20200109 16:55:51.952" endtime="20200109 16:55:52.106"></status>
</kw>
<kw name="Click Element" library="Selenium2Library">
<doc>Click the element identified by ``locator``.</doc>
<arguments>
<arg>${PROCESSOVITUAL_SOLICITACAO}</arg>
</arguments>
<msg timestamp="20200109 16:55:52.107" level="INFO">Clicking element 'xpath://select[@id='cmbProcessoVirtual']//option[contains(text(),'NÃO')]'.</msg>
<status status="PASS" starttime="20200109 16:55:52.107" endtime="20200109 16:55:52.149"></status>
</kw>
<kw name="Get Text" library="Selenium2Library">
<doc>Returns the text value of the element identified by ``locator``.</doc>
<arguments>
<arg>${PARTEINTERESSADA_SOLICITACAO}</arg>
</arguments>
<status status="PASS" starttime="20200109 16:55:52.149" endtime="20200109 16:55:52.174"></status>
</kw>
<kw name="Input Text" library="Selenium2Library">
<doc>Types the given ``text`` into the text field identified by ``locator``.</doc>
<arguments>
<arg>${PARTECONTRARIA_SOLICITACAO}</arg>
<arg>${PARTECONTRARIA}</arg>
</arguments>
<msg timestamp="20200109 16:55:52.174" level="INFO">Typing text 'Sabrina Lima' into text field 'xpath://input[@id='cadParteContraria']'.</msg>
<status status="PASS" starttime="20200109 16:55:52.174" endtime="20200109 16:55:52.316"></status>
</kw>
<kw name="Click Element" library="Selenium2Library">
<doc>Click the element identified by ``locator``.</doc>
<arguments>
<arg>${PROCESSOSUPERESCIAL_SOLICITACAO}</arg>
</arguments>
<msg timestamp="20200109 16:55:52.316" level="INFO">Clicking element 'xpath://select[@id='cmbProcessoSuperespecial']//option[contains(text(),'SIM')]'.</msg>
<status status="PASS" starttime="20200109 16:55:52.316" endtime="20200109 16:55:52.362"></status>
</kw>
<kw name="Clear Element Text" library="Selenium2Library">
<doc>Clears the value of the text-input-element identified by ``locator``.</doc>
<arguments>
<arg>${DATALIMITE_SOLICITACAO}</arg>
</arguments>
<status status="PASS" starttime="20200109 16:55:52.362" endtime="20200109 16:55:52.403"></status>
</kw>
<kw name="InputData" library="scripts">
<kw name="Get Current Date" library="DateTime">
<doc>Returns current local or UTC time with an optional increment.</doc>
<assign>
<var>${DATA}</var>
</assign>
<msg timestamp="20200109 16:55:52.404" level="INFO">${DATA} = 2020-01-09 16:55:52.404</msg>
<status status="PASS" starttime="20200109 16:55:52.404" endtime="20200109 16:55:52.404"></status>
</kw>
<kw name="Add Time To Date" library="DateTime">
<doc>Adds time to date and returns the resulting date.</doc>
<arguments>
<arg>${DATA}</arg>
<arg>20 days</arg>
</arguments>
<assign>
<var>${DATA}</var>
</assign>
<msg timestamp="20200109 16:55:52.408" level="INFO">${DATA} = 2020-01-29 16:55:52.404</msg>
<status status="PASS" starttime="20200109 16:55:52.404" endtime="20200109 16:55:52.408"></status>
</kw>
<kw name="Convert Date" library="DateTime">
<doc>Converts between supported `date formats`.</doc>
<arguments>
<arg>${DATA}</arg>
<arg>result_format=%Y-%m-%d</arg>
</arguments>
<assign>
<var>${DATA}</var>
</assign>
<msg timestamp="20200109 16:55:52.408" level="INFO">${DATA} = 2020-01-29</msg>
<status status="PASS" starttime="20200109 16:55:52.408" endtime="20200109 16:55:52.408"></status>
</kw>
<kw name="Execute Javascript" library="Selenium2Library">
<doc>Executes the given JavaScript code with possible arguments.</doc>
<arguments>
<arg>document.getElementById('dataLimite').value='${DATA}'</arg>
</arguments>
<msg timestamp="20200109 16:55:52.409" level="INFO">Executing JavaScript:
document.getElementById('dataLimite').value='2020-01-29'
Without any arguments.</msg>
<status status="PASS" starttime="20200109 16:55:52.408" endtime="20200109 16:55:52.415"></status>
</kw>
<status status="PASS" starttime="20200109 16:55:52.404" endtime="20200109 16:55:52.416"></status>
</kw>
<kw name="Click Element" library="Selenium2Library">
<doc>Click the element identified by ``locator``.</doc>
<arguments>
<arg>${COMBO_TIPOSOLICITACAO}</arg>
</arguments>
<msg timestamp="20200109 16:55:52.416" level="INFO">Clicking element 'xpath://div[@id='comboTiposSolicitacao_chosen']'.</msg>
<status status="PASS" starttime="20200109 16:55:52.416" endtime="20200109 16:55:52.485"></status>
</kw>
<kw name="Click Element" library="Selenium2Library">
<doc>Click the element identified by ``locator``.</doc>
<arguments>
<arg>${TIPOSOLICITACAO}</arg>
</arguments>
<msg timestamp="20200109 16:55:52.485" level="INFO">Clicking element 'xpath://div[@id='iTipo']//li[3]'.</msg>
<status status="PASS" starttime="20200109 16:55:52.485" endtime="20200109 16:55:52.550"></status>
</kw>
<kw name="Wait Until Element Is Enabled" library="Selenium2Library">
<doc>Waits until the element ``locator`` is enabled.</doc>
<arguments>
<arg>${COMBO_SUBTIPO_SOLICITACAO}</arg>
<arg>5s</arg>
</arguments>
<status status="PASS" starttime="20200109 16:55:52.550" endtime="20200109 16:55:52.801"></status>
</kw>
<kw name="Click Element" library="Selenium2Library">
<doc>Click the element identified by ``locator``.</doc>
<arguments>
<arg>${COMBO_SUBTIPO_SOLICITACAO}</arg>
</arguments>
<msg timestamp="20200109 16:55:52.802" level="INFO">Clicking element 'xpath://div[@id='comboSubTiposSolicitacao_chosen']'.</msg>
<status status="PASS" starttime="20200109 16:55:52.802" endtime="20200109 16:55:52.890"></status>
</kw>
<kw name="Wait Until Element Is Enabled" library="Selenium2Library">
<doc>Waits until the element ``locator`` is enabled.</doc>
<arguments>
<arg>${WAIT2_SUBTIPO_SOLICITACAO}</arg>
<arg>5s</arg>
</arguments>
<status status="PASS" starttime="20200109 16:55:52.890" endtime="20200109 16:55:52.929"></status>
</kw>
<kw name="Click Element" library="Selenium2Library">
<doc>Click the element identified by ``locator``.</doc>
<arguments>
<arg>${SUBTIPOSOLICITACAO}</arg>
</arguments>
<msg timestamp="20200109 16:55:52.930" level="INFO">Clicking element 'xpath://li[contains(text(),'INICIAL')]'.</msg>
<status status="PASS" starttime="20200109 16:55:52.929" endtime="20200109 16:55:52.996"></status>
</kw>
<kw name="Wait Until Element Is Enabled" library="Selenium2Library">
<doc>Waits until the element ``locator`` is enabled.</doc>
<arguments>
<arg>${HORA_SOLICITACAO}</arg>
<arg>2s</arg>
</arguments>
<status status="PASS" starttime="20200109 16:55:52.997" endtime="20200109 16:55:53.026"></status>
</kw>
<kw name="InsereHora" library="scripts">
<kw name="Execute Javascript" library="Selenium2Library">
<doc>Executes the given JavaScript code with possible arguments.</doc>
<arguments>
<arg>document.getElementById('tHora').value='${HORA}'</arg>
</arguments>
<msg timestamp="20200109 16:55:53.027" level="INFO">Executing JavaScript:
document.getElementById('tHora').value='09:00'
Without any arguments.</msg>
<status status="PASS" starttime="20200109 16:55:53.026" endtime="20200109 16:55:53.033"></status>
</kw>
<status status="PASS" starttime="20200109 16:55:53.026" endtime="20200109 16:55:53.033"></status>
</kw>
<kw name="Input Text" library="Selenium2Library">
<doc>Types the given ``text`` into the text field identified by ``locator``.</doc>
<arguments>
<arg>${OBSERVACAO_SOLICITACAO}</arg>
<arg>${OBSERVACAO}</arg>
</arguments>
<msg timestamp="20200109 16:55:53.033" level="INFO">Typing text 'Delectus ullam sapiente necessitatibus laudantium earum. Delectus aliquid ducimus. Accusantium temporibus esse sapiente maiores repellat.
Eaque tempora eum minima unde error assumenda. Sequi dolor doloremque mollitia.
Reiciendis aliquam quae animi id. Sequi eligendi consequatur nemo ex quibusdam doloribus fugiat.
Magni corrupti nobis distinctio eos doloremque voluptate harum. Voluptates fugit earum tenetur officia distinctio. Nam beatae libero.' into text field 'xpath://textarea[@id='Obs']'.</msg>
<status status="PASS" starttime="20200109 16:55:53.033" endtime="20200109 16:55:54.736"></status>
</kw>
<kw name="Wait Until Page Contains Element" library="Selenium2Library">
<doc>Waits until the element ``locator`` appears on the current page.</doc>
<arguments>
<arg>${TXT_VALORESTIMADO}</arg>
<arg>10s</arg>
</arguments>
<kw name="Capture Page Screenshot" library="Selenium2Library">
<doc>Takes a screenshot of the current page and embeds it into a log file.</doc>
<msg timestamp="20200109 16:56:05.137" level="INFO" html="yes">&lt;/td&gt;&lt;/tr&gt;&lt;tr&gt;&lt;td colspan="3"&gt;&lt;a href="selenium-screenshot-373.png"&gt;&lt;img src="selenium-screenshot-373.png" width="800px"&gt;&lt;/a&gt;</msg>
<status status="PASS" starttime="20200109 16:56:04.826" endtime="20200109 16:56:05.138"></status>
</kw>
<msg timestamp="20200109 16:56:05.146" level="FAIL">Element 'xpath://h4[@class='valorEstimado']' did not appear in 10 seconds.</msg>
<status status="FAIL" starttime="20200109 16:55:54.737" endtime="20200109 16:56:05.146"></status>
</kw>
<status status="FAIL" starttime="20200109 16:55:49.369" endtime="20200109 16:56:05.146"></status>
</kw>
<tags>
<tag>CriarSolicitacao</tag>
</tags>
<status status="FAIL" starttime="20200109 16:55:46.564" endtime="20200109 16:56:05.147" critical="yes">Element 'xpath://h4[@class='valorEstimado']' did not appear in 10 seconds.</status>
</test>
<kw name="Sair do portal" library="PortalDiligênciasResource" type="teardown">
<kw name="Close Browser" library="Selenium2Library">
<doc>Closes the current browser.</doc>
<status status="PASS" starttime="20200109 16:56:05.150" endtime="20200109 16:56:07.371"></status>
</kw>
<status status="PASS" starttime="20200109 16:56:05.149" endtime="20200109 16:56:07.371"></status>
</kw>
<status status="FAIL" starttime="20200109 16:55:35.256" endtime="20200109 16:56:07.371"></status>
</suite>
<statistics>
<total>
<stat pass="0" fail="1">Critical Tests</stat>
<stat pass="0" fail="1">All Tests</stat>
</total>
<tag>
<stat pass="0" fail="1">CriarSolicitacao</stat>
</tag>
<suite>
<stat pass="0" fail="1" id="s1" name="PortalDiligênciasBDD">PortalDiligênciasBDD</stat>
</suite>
</statistics>
<errors>
</errors>
</robot>
